<?xml version="1.0" encoding="UTF-8"?>
<testng-results total="1" passed="1" failed="0" skipped="0">
  <reporter-output>
  </reporter-output>
  <suite started-at="2024-03-22T05:31:39Z" name="Surefire suite" finished-at="2024-03-22T05:31:43Z" duration-ms="4380">
    <groups>
    </groups>
    <test started-at="2024-03-22T05:31:39Z" name="Surefire test" finished-at="2024-03-22T05:31:43Z" duration-ms="4380">
      <class name="testcases.NewTest">
        <test-method signature="f()[pri:0, instance:testcases.NewTest@2bea5ab4]" started-at="2024-03-22T11:01:39Z" name="f" finished-at="2024-03-22T11:01:43Z" duration-ms="4369" status="PASS">
          <reporter-output>
          </reporter-output>
        </test-method> <!-- f -->
      </class> <!-- testcases.NewTest -->
    </test> <!-- Surefire test -->
  </suite> <!-- Surefire suite -->
</testng-results>
